[14:19:41] ======================================================================
[14:19:41] COMPLETE PATENT FETCHER - AST SpaceMobile
[14:19:41] ======================================================================
[14:19:41] Target: 36 families, ~3,800 claims
[14:19:41] 
[14:19:42] 
======================================================================
[14:19:42] STEP 1: SEARCH ALL PATENTS
[14:19:42] ======================================================================
[14:19:42] Searching: pa=AST and ta=satellite
[14:19:42] Got EPO access token (expires in 1199s)
[14:19:46]   -> 72 total results
[14:19:46] Searching: pa=AST and ta=cellular
[14:19:49]   -> 3 total results
[14:19:49] Searching: pa=AST and ta=mobile
[14:19:52]   -> 16 total results
[14:19:52] Searching: pa=AST and ta=space
[14:19:55]   -> 96 total results
[14:19:55] Searching: pa=AST and ta=antenna
[14:19:58]   -> 55 total results
[14:19:58] Searching: pa=AST and ta=communication
[14:20:02]   -> 69 total results
[14:20:02] Searching: in=Avellan and ta=satellite
[14:20:04]   -> 67 total results
[14:20:04] Searching: in=Avellan and ta=cellular
[14:20:08] Searching: in=Avellan and ta=space
[14:20:11]   -> 42 total results
[14:20:11] 
Total unique publications found: 237
[14:20:11] 
======================================================================
[14:20:11] STEP 2: GROUP INTO FAMILIES
[14:20:11] ======================================================================
[14:20:40]   Processing 10/237...
[14:21:12]   Processing 20/237...
[14:21:44]   Processing 30/237...
[14:22:16]   Processing 40/237...
[14:22:48]   Processing 50/237...
[14:23:20]   Processing 60/237...
[14:23:52]   Processing 70/237...
[14:24:24]   Processing 80/237...
[14:24:56]   Processing 90/237...
[14:25:28]   Processing 100/237...
[14:26:00]   Processing 110/237...
[14:26:32]   Processing 120/237...
[14:27:04]   Processing 130/237...
[14:27:36]   Processing 140/237...
[14:28:08]   Processing 150/237...
[14:28:40]   Processing 160/237...
[14:29:12]   Processing 170/237...
[14:29:44]   Processing 180/237...
[14:30:17]   Processing 190/237...
[14:30:48]   Processing 200/237...
[14:31:20]   Processing 210/237...
[14:31:53]   Processing 220/237...
[14:32:24]   Processing 230/237...
[14:32:50] 
Families found: 125
[14:32:50] 
======================================================================
[14:32:50] STEP 3: FETCH CLAIMS FOR EACH FAMILY
[14:32:50] ======================================================================
[14:32:50]   [1/125] Family 86896326 (12 members)
[14:32:53]   [2/125] Family 73198504 (16 members)
[14:32:56]   [3/125] Family 96300952 (1 members)
[14:33:00]   [4/125] Family 84891771 (13 members)
[14:33:03]   [5/125] Family 82704788 (14 members)
[14:33:06]   [6/125] Family 62091531 (45 members)
[14:33:09]   [7/125] Family 73839097 (12 members)
[14:33:12]   [8/125] Family 74498786 (15 members)
[14:33:16]   [9/125] Family 74042797 (6 members)
[14:33:19]   [10/125] Family 86609446 (5 members)
[14:33:22]   [11/125] Family 67393806 (45 members)
[14:33:25]   [12/125] Family 91959735 (1 members)
[14:33:29]   [13/125] Family 90362977 (1 members)
[14:33:32]   [14/125] Family 89509327 (1 members)
[14:33:35]   [15/125] Family 88791103 (2 members)
[14:33:38]   [16/125] Family 88648394 (1 members)
[14:33:41]   [17/125] Family 72520365 (45 members)
[14:33:44]   [18/125] Family 79023328 (55 members)
[14:33:48]   [19/125] Family 82496090 (7 members)
[14:33:51]   [20/125] Family 78007906 (1 members)
[14:33:54]   [21/125] Family 77272167 (3 members)
[14:33:57]   [22/125] Family 77428603 (1 members)
[14:34:01]   [23/125] Family 46022216 (167 members)
[14:34:04]   [24/125] Family 65482641 (1 members)
[14:34:07]   [25/125] Family 64449744 (1 members)
[14:34:10]   [26/125] Family 63140804 (1 members)
[14:34:13]   [27/125] Family 60705458 (1 members)
[14:34:17]   [28/125] Family 60705385 (1 members)
[14:34:20]   [29/125] Family 59433338 (2 members)
[14:34:23]   [30/125] Family 57024915 (1 members)
[14:34:26]   [31/125] Family 43055234 (2 members)
[14:34:30]   [32/125] Family 42592707 (1 members)
[14:34:33]   [33/125] Family 11385807 (12 members)
[14:34:36]   [34/125] Family 37933709 (2 members)
[14:34:39]   [35/125] Family 9305145 (2 members)
[14:34:42]   [36/125] Family 8259567 (1 members)
[14:34:45]   [37/125] Family 39739724 (4 members)
[14:34:49]   [38/125] Family 37547713 (4 members)
[14:34:52]   [39/125] Family 97488274 (1 members)
[14:34:55]   [40/125] Family 73231053 (44 members)
[14:34:58]   [41/125] Family 87522446 (2 members)
[14:35:01]   [42/125] Family 91912825 (1 members)
[14:35:05]   [43/125] Family 83285663 (10 members)
[14:35:08]   [44/125] Family 89108302 (1 members)
[14:35:11]   [45/125] Family 89020605 (1 members)
[14:35:14]   [46/125] Family 81580550 (3 members)
[14:35:18]   [47/125] Family 78838626 (1 members)
[14:35:21]   [48/125] Family 77995120 (1 members)
[14:35:24]   [49/125] Family 77791848 (1 members)
[14:35:27]   [50/125] Family 77725951 (1 members)
[14:35:30]   [51/125] Family 76999971 (1 members)
[14:35:33]   [52/125] Family 75655859 (1 members)
[14:35:37]   [53/125] Family 80248768 (44 members)
[14:35:40]   [54/125] Family 67963225 (2 members)
[14:35:43]   [55/125] Family 67442925 (1 members)
[14:35:47]   [56/125] Family 66020976 (1 members)
[14:35:50]   [57/125] Family 65680414 (1 members)
[14:35:53]   [58/125] Family 65016861 (1 members)
[14:35:56]   [59/125] Family 62856078 (1 members)
[14:35:59]   [60/125] Family 62650900 (1 members)
[14:36:03]   [61/125] Family 62603515 (1 members)
[14:36:05]   [62/125] Family 61753886 (1 members)
[14:36:09]   [63/125] Family 61513233 (1 members)
[14:36:12]   [64/125] Family 60705396 (1 members)
[14:36:15]   [65/125] Family 59873577 (2 members)
[14:36:18]   [66/125] Family 58515848 (1 members)
[14:36:22]   [67/125] Family 52057217 (1 members)
[14:36:25]   [68/125] Family 50841808 (3 members)
[14:36:28]   [69/125] Family 50884904 (3 members)
[14:36:32]   [70/125] Family 43217308 (21 members)
[14:36:35]   [71/125] Family 43366906 (2 members)
[14:36:38]   [72/125] Family 25030476 (1 members)
[14:36:41]   [73/125] Family 24581407 (1 members)
[14:36:44]   [74/125] Family 24577150 (1 members)
[14:36:47]   [75/125] Family 25166107 (1 members)
[14:36:51]   [76/125] Family 26666293 (7 members)
[14:36:54]   [77/125] Family 22874244 (1 members)
[14:36:57]   [78/125] Family 20244794 (1 members)
[14:37:00]   [79/125] Family 20241240 (1 members)
[14:37:03]   [80/125] Family 20238740 (1 members)
[14:37:07]   [81/125] Family 38498727 (1 members)
[14:37:10]   [82/125] Family 39781399 (1 members)
[14:37:13]   [83/125] Family 26705329 (49 members)
[14:37:16]   [84/125] Family 8023705 (5 members)
[14:37:20]   [85/125] Family 7840632 (1 members)
[14:37:22]   [86/125] Family 74845122 (11 members)
[14:37:26]   [87/125] Family 91855965 (2 members)
[14:37:29]   [88/125] Family 77272041 (12 members)
[14:37:32]   [89/125] Family 83284577 (12 members)
[14:37:35]   [90/125] Family 75275699 (1 members)
[14:37:39]   [91/125] Family 3772080 (2 members)
[14:37:42]   [92/125] Family 86333969 (4 members)
[14:37:45]   [93/125] Family 89193555 (1 members)
[14:37:48]   [94/125] Family 89187369 (1 members)
[14:37:51]   [95/125] Family 89017742 (1 members)
[14:37:54]   [96/125] Family 89015363 (1 members)
[14:37:58]   [97/125] Family 89009167 (1 members)
[14:38:01]   [98/125] Family 54959859 (1 members)
[14:38:04]   [99/125] Family 24439651 (18 members)
[14:38:07]   [100/125] Family 46049272 (5 members)
[14:38:10]   [101/125] Family 45999696 (3 members)
[14:38:14]   [102/125] Family 44504243 (6 members)
[14:38:17]   [103/125] Family 42592706 (1 members)
[14:38:20]   [104/125] Family 36992010 (18 members)
[14:38:23]   [105/125] Family 35756347 (10 members)
[14:38:27]   [106/125] Family 23888147 (2 members)
[14:38:30]   [107/125] Family 24276284 (1 members)
[14:38:33]   [108/125] Family 23722345 (2 members)
[14:38:36]   [109/125] Family 23293346 (6 members)
[14:38:39]   [110/125] Family 22783689 (2 members)
[14:38:42]   [111/125] Family 21724623 (1 members)
[14:38:46] Got EPO access token (expires in 1199s)
[14:38:49]   [112/125] Family 38010713 (2 members)
[14:38:52]   [113/125] Family 37600235 (1 members)
[14:38:55]   [114/125] Family 29422749 (6 members)
[14:38:58]   [115/125] Family 45495799 (9 members)
[14:39:02]   [116/125] Family 57714481 (5 members)
[14:39:05]   [117/125] Family 58701373 (5 members)
[14:39:08]   [118/125] Family 48914132 (5 members)
[14:39:11]   [119/125] Family 46466089 (5 members)
[14:39:15]   [120/125] Family 46583287 (2 members)
[14:39:18]   [121/125] Family 42670700 (10 members)
[14:39:21]   [122/125] Family 43530155 (10 members)
[14:39:24]   [123/125] Family 43527477 (10 members)
[14:39:28]   [124/125] Family 42200245 (2 members)
[14:39:31]   [125/125] Family 40550453 (1 members)
[14:39:34] 
Families with claims: 0
[14:39:34] Total claims: 0
[14:39:34] 
======================================================================
[14:39:34] STEP 4: FILTER TO AST SPACEMOBILE
[14:39:34] ======================================================================
[14:40:31]   Filtered out family 79023328: ['AST NAVIGATION INC', '阿斯特导航公司']
[14:40:38]   Filtered out family 78007906: ['AST&DEFENSE LLC\u2002[US]', 'AST&Defense, LLC']
[14:40:44]   Filtered out family 77428603: ['AST ENVIRONMENTAL SCIENCE & TECH SUZHOU CO LTD', '苏州艾斯特环境科技有限公司']
[14:40:48]   Filtered out family 46022216: ['AST OLIVER\u2002[CH]', ' BRUENKER PETER\u2002[CH]']
[14:40:51]   Filtered out family 65482641: ['YANCHENG AST SPORTING GOODS CO LTD', '盐城市艾斯特体育器材有限公司']
[14:40:54]   Filtered out family 64449744: ['SICHUAN AST MEDICAL EQUIPMENT CO LTD', '四川阿斯特医疗器械有限公司']
[14:40:57]   Filtered out family 63140804: ['YANCHENG AST SPORTING GOODS CO LTD', '盐城市艾斯特体育器材有限公司']
[14:41:00]   Filtered out family 60705458: ['YANCHENG AST SPORTING GOODS CO LTD', '盐城市艾斯特体育器材有限公司']
[14:41:04]   Filtered out family 60705385: ['YANCHENG AST SPORTING GOODS CO LTD', '盐城市艾斯特体育器材有限公司']
[14:41:07]   Filtered out family 59433338: ['YANCHENG AST SPORTING GOODS CO LTD', '盐城市艾斯特体育器材有限公司']
[14:41:10]   Filtered out family 57024915: ['GUANGZHOU AST BUILDING ENG MACHINERY CO LTD', '广州安速通建筑工程机械有限公司']
[14:41:13]   Filtered out family 43055234: ['AST TECHNOLOGY SUZHOU CO LTD', 'AST TECHNOLOGY (SUZHOU) CO., LTD']
[14:41:16]   Filtered out family 42592707: ['AST WIRELESS SUZHOU CO LTD', 'AST WIRELESS (SUZHOU) CO., LTD']
[14:41:19]   Filtered out family 11385807: ['AST SYSTEM AUTOMATION STRADI\u2002[IT]', 'A.S.T SYSTEM AUTOMATION DI STRADI A. & C. S.N.C']
[14:41:23]   Filtered out family 37933709: ['AST J KK', 'AST J:KK']
[14:41:26]   Filtered out family 9305145: ['FLORIMOND CHABARDES OUTILL AST\u2002[FR]', 'FLORIMOND CHABARDES OUTILL ASTRA']
[14:41:29]   Filtered out family 8259567: ['INS DE ENERG RENOVABLES DEL C\u2002[ES]', 'INS. DE ENERG. RENOVABLES DEL C. DE INVES. ENERGETICAS MEDIOAMBIENTALES Y TECNO. Y AST. Y TAL. FE.SA']
[14:41:32]   Filtered out family 39739724: ['MOTTO S A\u2002[LU]', ' CHRISTENSEN LARS BALLIEU\u2002[DK]']
[14:41:36]   Filtered out family 37547713: ['AST FLEMMING\u2002[DK]', ' CHRISTENSEN LARS BALLIEU\u2002[DK]']
[14:41:39]   Filtered out family 97488274: ['AST CORP', 'アスト株式会社']
[14:41:49]   Filtered out family 91912825: ['AST CO LTD\u2002[KR]', '에이에스티 주식회사']
[14:41:55]   Filtered out family 89108302: ['YANCHENG AST SPORTING GOODS CO LTD', '盐城市艾斯特体育器材有限公司']
[14:41:58]   Filtered out family 89020605: ['AST ELEVATOR TECH SUZHOU CO LTD', '阿斯特电梯科技（苏州）有限公司']
[14:42:01]   Filtered out family 81580550: ['AST ADVANCED SPACE TECH GMBH\u2002[DE]', 'AST Advanced Space Technologies GmbH']
[14:42:04]   Filtered out family 78838626: ['YANCHENG AST SPORTING GOODS CO LTD', '盐城市艾斯特体育器材有限公司']
[14:42:08]   Filtered out family 77995120: ['CHONGQING AST SEMICONDUCTOR CO LTD', ' SHANGHAI SUPER SILICON SEMICONDUCTOR CO LTD']
[14:42:11]   Filtered out family 77791848: ['AST PREC TOOLS SHANGHAI CO LTD', '阿斯图精密工具（上海）有限公司']
[14:42:14]   Filtered out family 77725951: ['AST PREC TOOLS SHANGHAI CO LTD', '阿斯图精密工具（上海）有限公司']
[14:42:17]   Filtered out family 76999971: ['AST ENVIRONMENTAL SCIENCE & TECH SUZHOU CO LTD', '苏州艾斯特环境科技有限公司']
[14:42:20]   Filtered out family 75655859: ['AST ENVIRONMENTAL SCIENCE & TECH SUZHOU CO LTD', '苏州艾斯特环境科技有限公司']
[14:42:27]   Filtered out family 67963225: ['XIAN AST VIDEO TECH CO LTD', '西安奥赛特视频科技有限责任公司']
[14:42:30]   Filtered out family 67442925: ['SICHUAN AST MEDICAL EQUIPMENT CO LTD', '四川阿斯特医疗器械有限公司']
[14:42:33]   Filtered out family 66020976: ['SICHUAN AST MEDICAL EQUIPMENT CO LTD', '四川阿斯特医疗器械有限公司']
[14:42:37]   Filtered out family 65680414: ['JIANGSU AST TESTING TECH SERVICES CO LTD', '江苏亚标检测技术服务有限公司']
[14:42:40]   Filtered out family 65016861: ['AST ENG INC\u2002[KR]', '에이에스티엔지니어링(주)']
[14:42:43]   Filtered out family 62856078: ['YANCHENG AST SPORTING GOODS CO LTD', '盐城市艾斯特体育器材有限公司']
[14:42:46]   Filtered out family 62650900: ['SICHUAN AST MEDICAL EQUIPMENT CO LTD', '四川阿斯特医疗器械有限公司']
[14:42:49]   Filtered out family 62603515: ['SICHUAN AST MEDICAL EQUIPMENT CO LTD', '四川阿斯特医疗器械有限公司']
[14:42:53]   Filtered out family 61753886: ['YANCHENG AST SPORTING GOODS CO LTD', '盐城市艾斯特体育器材有限公司']
[14:42:56]   Filtered out family 61513233: ['SICHUAN AST MEDICAL EQUIPMENT CO LTD', '四川阿斯特医疗器械有限公司']
[14:42:59]   Filtered out family 60705396: ['YANCHENG AST SPORTING GOODS CO LTD', '盐城市艾斯特体育器材有限公司']
[14:43:02]   Filtered out family 59873577: ['YANCHENG AST SPORTING GOODS CO LTD', '盐城市艾斯特体育器材有限公司']
[14:43:05]   Filtered out family 58515848: ['YANCHENG AST SPORTING GOODS CO LTD', '盐城市艾斯特体育器材有限公司']
[14:43:09]   Filtered out family 52057217: ['YANCHENG AST SPORTING GOODS CO LTD', 'YANCHENG AST SPORTING GOODS CO., LTD']
[14:43:12]   Filtered out family 50841808: ['AST MODULAR S L\u2002[ES]', 'AST MODULAR, S.L']
[14:43:15]   Filtered out family 50884904: ['AST MODULAR S L\u2002[ES]', 'AST MODULAR, S.L']
[14:43:18]   Filtered out family 43217308: ['АСТ МОДУЛАР, С.Л.']
[14:43:21]   Filtered out family 43366906: ['UNIV LANZHOU TECH', ' LANZHOU AST ELECTROMECHANICAL TECHNOLOGY CO LTD']
[14:43:24]   Filtered out family 25030476: ['AST RESEARCH INC\u2002[US]', 'AST RESEARCH, INC']
[14:43:28]   Filtered out family 24581407: ['AST RESEARCH INC\u2002[US]', 'AST RESEARCH, INC']
[14:43:31]   Filtered out family 24577150: ['AST RESEARCH INC\u2002[US]', 'AST RESEARCH, INC']
[14:43:34]   Filtered out family 25166107: ['AST RESEARCH INC\u2002[US]', 'AST RESEARCH, INC']
[14:43:38]   Filtered out family 26666293: ['TSNT TVORCHESTVA MOLODEZHI AST\u2002[SU]', 'TSENTR NAUCHNO-TEKHNICHESKOGO TVORCHESTVA MOLODEZHI "ASTRON"']
[14:43:40]   Filtered out family 22874244: ['AST RESEARCH INC\u2002[US]', 'AST RESEARCH, INC']
[14:43:44]   Filtered out family 20244794: ['OOO AST', ' RAKHAN GAZPROM']
[14:43:47]   Filtered out family 20241240: ['OOO AST', ' RAKHAN GAZPROM']
[14:43:50]   Filtered out family 20238740: ['RAKHAN GAZPROM', ' OOO AST']
[14:43:53]   Filtered out family 38498727: ['AST CORP\u2002[KR]', 'AST CORPORATION']
[14:43:56]   Filtered out family 39781399: ['AST J KK', 'AST J:KK']
[14:44:00]   Filtered out family 26705329: ['AST RES INC\u2002[US]', 'AST RESEARCH INC']
[14:44:03]   Filtered out family 8023705: ['AST KUNSTSTOFFVERARBEITUNG GMB\u2002[DE]', 'AST KUNSTSTOFFVERARBEITUNG GMBH']
[14:44:06]   Filtered out family 7840632: ['STEAG AST ELEKTRONIK GMBH\u2002[DE]', 'STEAG AST ELEKTRONIK GMBH, 85551 KIRCHHEIM, DE']
[14:44:25]   Filtered out family 3772080: ['A S T PTY LTD\n', 'A.S.T. PTY. LTD']
[14:44:32]   Filtered out family 89193555: ['WUHAN AST MEASUREMENT AND CONTROL TECH CO LTD', '武汉埃斯特测控技术有限公司']
[14:44:03]   Filtered out family 89187369: ['WUHAN AST MEASUREMENT AND CONTROL TECH CO LTD', '武汉埃斯特测控技术有限公司']
[14:44:07]   Filtered out family 89017742: ['WUHAN AST MEASUREMENT AND CONTROL TECH CO LTD', '武汉埃斯特测控技术有限公司']
[14:44:10]   Filtered out family 89015363: ['WUHAN AST MEASUREMENT AND CONTROL TECH CO LTD', '武汉埃斯特测控技术有限公司']
[14:44:13]   Filtered out family 89009167: ['WUHAN AST MEASUREMENT AND CONTROL TECH CO LTD', '武汉埃斯特测控技术有限公司']
[14:44:16]   Filtered out family 54959859: ['YANCHENG AST SPORTING GOODS CO LTD', 'YANCHENG AST SPORTING GOODS CO., LTD']
[14:44:20]   Filtered out family 24439651: ['AST RES INC\u2002[US]', 'AST RESEARCH INC']
[14:44:22]   Filtered out family 46049272: ['FREUND SEBASTIAN W\u2002[DE]', ' AST GABOR\u2002[AT]']
[14:44:26]   Filtered out family 45999696: ['FREUND SEBASTIAN W\u2002[DE]', ' AST GABOR\u2002[AT]']
[14:44:29]   Filtered out family 44504243: ['AST GABOR\u2002[DE]', ' FREUND SEBASTIAN WALTER\u2002[DE]']
[14:44:32]   Filtered out family 42592706: ['AST WIRELESS SUZHOU CO LTD', 'AST WIRELESS (SUZHOU) CO., LTD']
[14:44:35]   Filtered out family 36992010: ['AST MAN INC\u2002[WS]', ' WEBSTER JAMES RUSSELL']
[14:44:39]   Filtered out family 35756347: ['AST MAN INC\u2002[WS]', ' WEBSTER JAMES RUSSELL']
[14:44:42]   Filtered out family 23888147: ['AST RESEARCH INC\u2002[US]', 'AST RESEARCH, INC']
[14:44:45]   Filtered out family 24276284: ['AST RESEARCH INC\u2002[US]', 'AST RESEARCH, INC']
[14:44:48]   Filtered out family 23722345: ['AST RESEARCH INC\u2002[US]', 'AST RESEARCH, INC']
[14:44:51]   Filtered out family 23293346: ['AST RESEARCH INC\u2002[US]', 'AST RESEARCH, INC']
[14:44:54]   Filtered out family 22783689: ['AST TECHNOLOGY LABS INC\u2002[US]', 'AST TECHNOLOGY LABS INC']
[14:44:58]   Filtered out family 21724623: ['AST RESEARCH INC\u2002[US]', 'AST RESEARCH, INC']
[14:45:01]   Filtered out family 38010713: ['AST CO LTD\u2002[KR]', ' KIM JAE CHEOL\u2002[KR]']
[14:45:04]   Filtered out family 37600235: ['WANXIN TECH CO LTD BEIJING AST\u2002[CN]', 'WANXIN TECH CO., LTD., BEIJING ASTRONAUTICS']
[14:45:07]   Filtered out family 29422749: ['AST RESEARCH INC\u2002[US]\n', 'AST RESEARCH INC']
[14:45:10]   Filtered out family 45495799: ['GLOBAL EAGLE ENTERTAINMENT INC\u2002[US]', 'Global Eagle Entertainment Inc']
[14:45:14]   Filtered out family 57714481: ['EMC SATCOM TECH LLC\u2002[US]\n', 'EMC SatCom Technologies, LLC, ']
[14:45:17]   Filtered out family 58701373: ['GLOBAL EAGLE ENTERTAINMENT INC\u2002[US]', 'Global Eagle Entertainment Inc']
[14:45:20]   Filtered out family 48914132: ['EMC SATCOM TECH LLC\u2002[US]', 'EMC SatCom Technologies, LLC']
[14:45:23]   Filtered out family 46466089: ['AVELLAN ABEL\u2002[US]\n', 'AVELLAN ABEL, ']
[14:45:26]   Filtered out family 46583287: ['AVELLAN ABEL\u2002[US]', ' GODOY SERGIO\u2002[US]']
[14:45:30]   Filtered out family 42670700: ['EMC SATCOM TECHNOLOGIES INC\u2002[US]\n', 'EMC SATCOM TECHNOLOGIES INC, ']
[14:45:33]   Filtered out family 43530155: ['AVELLAN ABEL, ', 'JAYASIMHA SRIRAM, ']
[14:45:36]   Filtered out family 43527477: ['EMC SATCOM TECHNOLOGIES INC\u2002[US]', 'EMC SATCOM TECHNOLOGIES INC, ']
[14:45:39]   Filtered out family 42200245: []
[14:45:42]   Filtered out family 40550453: ['EMC SATCOM TECHNOLOGIES INC\u2002[US]', 'EMC SATCOM TECHNOLOGIES, INC']
[14:45:42] 
Filtered out 96 non-AST families
[14:45:42] AST SpaceMobile families: 29
[14:45:42] 
======================================================================
[14:45:42] SUMMARY
[14:45:42] ======================================================================
[14:45:42] Patent families:        29 (expected: 36)
[14:45:42] Total patents:         387
[14:45:42] Granted patents:       131
[14:45:42] Total claims:            0 (expected: ~3,800)
[14:45:42] 
Country breakdown:
[14:45:42]   US: 153
[14:45:42]   KR: 53
[14:45:42]   EP: 49
[14:45:42]   JP: 46
[14:45:42]   AU: 35
[14:45:42]   WO: 26
[14:45:42]   CA: 19
[14:45:42]   DK: 3
[14:45:42]   ES: 3
[14:45:42] 
======================================================================
[14:45:42] STEP 5: SAVE TO DATABASE
[14:45:42] ======================================================================
[14:46:57] 
Patents saved: 94
[14:46:57] Claims saved: 0
